[0.456s] DEBUG:colcon:Command line arguments: ['/usr/bin/colcon', 'build', '--packages-select', 'my_offboard_ctrl']
[0.456s] DEBUG:colcon:Parsed command line arguments: Namespace(log_base=None, log_level=None, verb_name='build', build_base='build', install_base='install', merge_install=False, symlink_install=False, test_result_base=None, continue_on_error=False, executor='parallel', parallel_workers=4, event_handlers=None, ignore_user_meta=False, metas=['./colcon.meta'], base_paths=['.'], packages_ignore=None, packages_ignore_regex=None, paths=None, packages_up_to=None, packages_up_to_regex=None, packages_above=None, packages_above_and_dependencies=None, packages_above_depth=None, packages_select_by_dep=None, packages_skip_by_dep=None, packages_skip_up_to=None, packages_select_build_failed=False, packages_skip_build_finished=False, packages_select_test_failures=False, packages_skip_test_passed=False, packages_select=['my_offboard_ctrl'], packages_skip=None, packages_select_regex=None, packages_skip_regex=None, packages_start=None, packages_end=None, allow_overriding=[], cmake_args=None, cmake_target=None, cmake_target_skip_unavailable=False, cmake_clean_cache=False, cmake_clean_first=False, cmake_force_configure=False, ament_cmake_args=None, catkin_cmake_args=None, catkin_skip_building_tests=False, mixin_files=None, mixin=None, verb_parser=<colcon_mixin.mixin.mixin_argument.MixinArgumentDecorator object at 0xffff83be24d0>, verb_extension=<colcon_core.verb.build.BuildVerb object at 0xffff83d53b50>, main=<bound method BuildVerb.main of <colcon_core.verb.build.BuildVerb object at 0xffff83d53b50>>, mixin_verb=('build',))
[1.303s] Level 1:colcon.colcon_core.package_discovery:discover_packages(colcon_meta) check parameters
[1.304s] Level 1:colcon.colcon_core.package_discovery:discover_packages(recursive) check parameters
[1.304s] Level 1:colcon.colcon_core.package_discovery:discover_packages(ignore) check parameters
[1.304s] Level 1:colcon.colcon_core.package_discovery:discover_packages(path) check parameters
[1.304s] Level 1:colcon.colcon_core.package_discovery:discover_packages(colcon_meta) discover
[1.304s] Level 1:colcon.colcon_core.package_discovery:discover_packages(recursive) discover
[1.305s] INFO:colcon.colcon_core.package_discovery:Crawling recursively for packages in '/home/yangdrone/ws_ros2'
[1.305s] Level 1:colcon.colcon_core.package_identification:_identify(.) by extensions ['ignore', 'ignore_ament_install']
[1.305s] Level 1:colcon.colcon_core.package_identification:_identify(.) by extension 'ignore'
[1.306s] Level 1:colcon.colcon_core.package_identification:_identify(.) by extension 'ignore_ament_install'
[1.306s] Level 1:colcon.colcon_core.package_identification:_identify(.) by extensions ['colcon_pkg']
[1.306s] Level 1:colcon.colcon_core.package_identification:_identify(.) by extension 'colcon_pkg'
[1.306s] Level 1:colcon.colcon_core.package_identification:_identify(.) by extensions ['colcon_meta']
[1.306s] Level 1:colcon.colcon_core.package_identification:_identify(.) by extension 'colcon_meta'
[1.306s] Level 1:colcon.colcon_core.package_identification:_identify(.) by extensions ['ros']
[1.306s] Level 1:colcon.colcon_core.package_identification:_identify(.) by extension 'ros'
[1.387s] Level 1:colcon.colcon_core.package_identification:_identify(.) by extensions ['cmake', 'python']
[1.387s] Level 1:colcon.colcon_core.package_identification:_identify(.) by extension 'cmake'
[1.387s] Level 1:colcon.colcon_core.package_identification:_identify(.) by extension 'python'
[1.388s] Level 1:colcon.colcon_core.package_identification:_identify(.) by extensions ['python_setup_py']
[1.388s] Level 1:colcon.colcon_core.package_identification:_identify(.) by extension 'python_setup_py'
[1.388s] Level 1:colcon.colcon_core.package_identification:_identify(build) by extensions ['ignore', 'ignore_ament_install']
[1.389s] Level 1:colcon.colcon_core.package_identification:_identify(build) by extension 'ignore'
[1.389s] Level 1:colcon.colcon_core.package_identification:_identify(build) ignored
[1.389s] Level 1:colcon.colcon_core.package_identification:_identify(install) by extensions ['ignore', 'ignore_ament_install']
[1.390s] Level 1:colcon.colcon_core.package_identification:_identify(install) by extension 'ignore'
[1.390s] Level 1:colcon.colcon_core.package_identification:_identify(install) ignored
[1.390s] Level 1:colcon.colcon_core.package_identification:_identify(log) by extensions ['ignore', 'ignore_ament_install']
[1.391s] Level 1:colcon.colcon_core.package_identification:_identify(log) by extension 'ignore'
[1.391s] Level 1:colcon.colcon_core.package_identification:_identify(log) ignored
[1.391s] Level 1:colcon.colcon_core.package_identification:_identify(src) by extensions ['ignore', 'ignore_ament_install']
[1.391s] Level 1:colcon.colcon_core.package_identification:_identify(src) by extension 'ignore'
[1.392s] Level 1:colcon.colcon_core.package_identification:_identify(src) by extension 'ignore_ament_install'
[1.392s] Level 1:colcon.colcon_core.package_identification:_identify(src) by extensions ['colcon_pkg']
[1.392s] Level 1:colcon.colcon_core.package_identification:_identify(src) by extension 'colcon_pkg'
[1.392s] Level 1:colcon.colcon_core.package_identification:_identify(src) by extensions ['colcon_meta']
[1.392s] Level 1:colcon.colcon_core.package_identification:_identify(src) by extension 'colcon_meta'
[1.392s] Level 1:colcon.colcon_core.package_identification:_identify(src) by extensions ['ros']
[1.393s] Level 1:colcon.colcon_core.package_identification:_identify(src) by extension 'ros'
[1.393s] Level 1:colcon.colcon_core.package_identification:_identify(src) by extensions ['cmake', 'python']
[1.393s] Level 1:colcon.colcon_core.package_identification:_identify(src) by extension 'cmake'
[1.393s] Level 1:colcon.colcon_core.package_identification:_identify(src) by extension 'python'
[1.393s] Level 1:colcon.colcon_core.package_identification:_identify(src) by extensions ['python_setup_py']
[1.393s] Level 1:colcon.colcon_core.package_identification:_identify(src) by extension 'python_setup_py'
[1.394s] Level 1:colcon.colcon_core.package_identification:_identify(src/my_offboard_ctrl) by extensions ['ignore', 'ignore_ament_install']
[1.394s] Level 1:colcon.colcon_core.package_identification:_identify(src/my_offboard_ctrl) by extension 'ignore'
[1.394s] Level 1:colcon.colcon_core.package_identification:_identify(src/my_offboard_ctrl) by extension 'ignore_ament_install'
[1.395s] Level 1:colcon.colcon_core.package_identification:_identify(src/my_offboard_ctrl) by extensions ['colcon_pkg']
[1.395s] Level 1:colcon.colcon_core.package_identification:_identify(src/my_offboard_ctrl) by extension 'colcon_pkg'
[1.395s] Level 1:colcon.colcon_core.package_identification:_identify(src/my_offboard_ctrl) by extensions ['colcon_meta']
[1.395s] Level 1:colcon.colcon_core.package_identification:_identify(src/my_offboard_ctrl) by extension 'colcon_meta'
[1.395s] Level 1:colcon.colcon_core.package_identification:_identify(src/my_offboard_ctrl) by extensions ['ros']
[1.395s] Level 1:colcon.colcon_core.package_identification:_identify(src/my_offboard_ctrl) by extension 'ros'
[1.404s] DEBUG:colcon.colcon_core.package_identification:Package 'src/my_offboard_ctrl' with type 'ros.ament_python' and name 'my_offboard_ctrl'
[1.404s] Level 1:colcon.colcon_core.package_identification:_identify(src/px4_msgs) by extensions ['ignore', 'ignore_ament_install']
[1.405s] Level 1:colcon.colcon_core.package_identification:_identify(src/px4_msgs) by extension 'ignore'
[1.405s] Level 1:colcon.colcon_core.package_identification:_identify(src/px4_msgs) by extension 'ignore_ament_install'
[1.405s] Level 1:colcon.colcon_core.package_identification:_identify(src/px4_msgs) by extensions ['colcon_pkg']
[1.405s] Level 1:colcon.colcon_core.package_identification:_identify(src/px4_msgs) by extension 'colcon_pkg'
[1.405s] Level 1:colcon.colcon_core.package_identification:_identify(src/px4_msgs) by extensions ['colcon_meta']
[1.406s] Level 1:colcon.colcon_core.package_identification:_identify(src/px4_msgs) by extension 'colcon_meta'
[1.406s] Level 1:colcon.colcon_core.package_identification:_identify(src/px4_msgs) by extensions ['ros']
[1.406s] Level 1:colcon.colcon_core.package_identification:_identify(src/px4_msgs) by extension 'ros'
[1.409s] DEBUG:colcon.colcon_core.package_identification:Package 'src/px4_msgs' with type 'ros.ament_cmake' and name 'px4_msgs'
[1.409s] Level 1:colcon.colcon_core.package_discovery:discover_packages(recursive) using defaults
[1.409s] Level 1:colcon.colcon_core.package_discovery:discover_packages(ignore) discover
[1.409s] Level 1:colcon.colcon_core.package_discovery:discover_packages(ignore) using defaults
[1.409s] Level 1:colcon.colcon_core.package_discovery:discover_packages(path) discover
[1.409s] Level 1:colcon.colcon_core.package_discovery:discover_packages(path) using defaults
[1.483s] INFO:colcon.colcon_core.package_selection:Skipping not selected package 'px4_msgs' in 'src/px4_msgs'
[1.485s] Level 1:colcon.colcon_core.package_discovery:discover_packages(prefix_path) check parameters
[1.485s] Level 1:colcon.colcon_core.package_discovery:discover_packages(prefix_path) discover
[1.493s] DEBUG:colcon.colcon_installed_package_information.package_discovery:Found 2 installed packages in /home/yangdrone/ws_ros2/install
[1.501s] DEBUG:colcon.colcon_installed_package_information.package_discovery:Found 231 installed packages in /opt/ros/humble
[1.506s] Level 1:colcon.colcon_core.package_discovery:discover_packages(prefix_path) using defaults
[1.639s] Level 5:colcon.colcon_core.verb:set package 'my_offboard_ctrl' build argument 'cmake_args' from command line to 'None'
[1.639s] Level 5:colcon.colcon_core.verb:set package 'my_offboard_ctrl' build argument 'cmake_target' from command line to 'None'
[1.639s] Level 5:colcon.colcon_core.verb:set package 'my_offboard_ctrl' build argument 'cmake_target_skip_unavailable' from command line to 'False'
[1.639s] Level 5:colcon.colcon_core.verb:set package 'my_offboard_ctrl' build argument 'cmake_clean_cache' from command line to 'False'
[1.640s] Level 5:colcon.colcon_core.verb:set package 'my_offboard_ctrl' build argument 'cmake_clean_first' from command line to 'False'
[1.640s] Level 5:colcon.colcon_core.verb:set package 'my_offboard_ctrl' build argument 'cmake_force_configure' from command line to 'False'
[1.640s] Level 5:colcon.colcon_core.verb:set package 'my_offboard_ctrl' build argument 'ament_cmake_args' from command line to 'None'
[1.640s] Level 5:colcon.colcon_core.verb:set package 'my_offboard_ctrl' build argument 'catkin_cmake_args' from command line to 'None'
[1.640s] Level 5:colcon.colcon_core.verb:set package 'my_offboard_ctrl' build argument 'catkin_skip_building_tests' from command line to 'False'
[1.640s] DEBUG:colcon.colcon_core.verb:Building package 'my_offboard_ctrl' with the following arguments: {'ament_cmake_args': None, 'build_base': '/home/yangdrone/ws_ros2/build/my_offboard_ctrl', 'catkin_cmake_args': None, 'catkin_skip_building_tests': False, 'cmake_args': None, 'cmake_clean_cache': False, 'cmake_clean_first': False, 'cmake_force_configure': False, 'cmake_target': None, 'cmake_target_skip_unavailable': False, 'install_base': '/home/yangdrone/ws_ros2/install/my_offboard_ctrl', 'merge_install': False, 'path': '/home/yangdrone/ws_ros2/src/my_offboard_ctrl', 'symlink_install': False, 'test_result_base': None}
[1.641s] INFO:colcon.colcon_core.executor:Executing jobs using 'parallel' executor
[1.644s] DEBUG:colcon.colcon_parallel_executor.executor.parallel:run_until_complete
[1.644s] INFO:colcon.colcon_ros.task.ament_python.build:Building ROS package in '/home/yangdrone/ws_ros2/src/my_offboard_ctrl' with build type 'ament_python'
[1.645s] Level 1:colcon.colcon_core.shell:create_environment_hook('my_offboard_ctrl', 'ament_prefix_path')
[1.654s] INFO:colcon.colcon_core.plugin_system:Skipping extension 'colcon_core.shell.bat': Not used on non-Windows systems
[1.654s] INFO:colcon.colcon_core.shell:Creating environment hook '/home/yangdrone/ws_ros2/install/my_offboard_ctrl/share/my_offboard_ctrl/hook/ament_prefix_path.ps1'
[1.657s] INFO:colcon.colcon_core.shell:Creating environment descriptor '/home/yangdrone/ws_ros2/install/my_offboard_ctrl/share/my_offboard_ctrl/hook/ament_prefix_path.dsv'
[1.659s] INFO:colcon.colcon_core.shell:Creating environment hook '/home/yangdrone/ws_ros2/install/my_offboard_ctrl/share/my_offboard_ctrl/hook/ament_prefix_path.sh'
[1.663s] INFO:colcon.colcon_core.shell:Skip shell extension 'powershell' for command environment: Not usable outside of PowerShell
[1.663s] DEBUG:colcon.colcon_core.shell:Skip shell extension 'dsv' for command environment
[2.868s] INFO:colcon.colcon_core.task.python.build:Building Python package in '/home/yangdrone/ws_ros2/src/my_offboard_ctrl'
[2.869s] INFO:colcon.colcon_core.shell:Skip shell extension 'powershell' for command environment: Not usable outside of PowerShell
[2.869s] DEBUG:colcon.colcon_core.shell:Skip shell extension 'dsv' for command environment
[4.513s] DEBUG:colcon.colcon_core.event_handler.log_command:Invoking command in '/home/yangdrone/ws_ros2/src/my_offboard_ctrl': PYTHONPATH=/home/yangdrone/ws_ros2/build/my_offboard_ctrl/prefix_override:/usr/lib/python3/dist-packages/colcon_core/task/python/colcon_distutils_commands:/home/yangdrone/ws_ros2/install/my_offboard_ctrl/lib/python3.10/site-packages:${PYTHONPATH} /usr/bin/python3 -W ignore:setup.py install is deprecated -W ignore:easy_install command is deprecated setup.py egg_info --egg-base ../../build/my_offboard_ctrl build --build-base /home/yangdrone/ws_ros2/build/my_offboard_ctrl/build install --record /home/yangdrone/ws_ros2/build/my_offboard_ctrl/install.log --single-version-externally-managed install_data
[5.868s] DEBUG:colcon.colcon_core.event_handler.log_command:Invoked command in '/home/yangdrone/ws_ros2/src/my_offboard_ctrl' returned '0': PYTHONPATH=/home/yangdrone/ws_ros2/build/my_offboard_ctrl/prefix_override:/usr/lib/python3/dist-packages/colcon_core/task/python/colcon_distutils_commands:/home/yangdrone/ws_ros2/install/my_offboard_ctrl/lib/python3.10/site-packages:${PYTHONPATH} /usr/bin/python3 -W ignore:setup.py install is deprecated -W ignore:easy_install command is deprecated setup.py egg_info --egg-base ../../build/my_offboard_ctrl build --build-base /home/yangdrone/ws_ros2/build/my_offboard_ctrl/build install --record /home/yangdrone/ws_ros2/build/my_offboard_ctrl/install.log --single-version-externally-managed install_data
[5.880s] Level 1:colcon.colcon_core.environment:checking '/home/yangdrone/ws_ros2/install/my_offboard_ctrl' for CMake module files
[5.884s] Level 1:colcon.colcon_core.environment:checking '/home/yangdrone/ws_ros2/install/my_offboard_ctrl' for CMake config files
[5.889s] Level 1:colcon.colcon_core.environment:checking '/home/yangdrone/ws_ros2/install/my_offboard_ctrl/lib'
[5.889s] Level 1:colcon.colcon_core.environment:checking '/home/yangdrone/ws_ros2/install/my_offboard_ctrl/bin'
[5.890s] Level 1:colcon.colcon_core.environment:checking '/home/yangdrone/ws_ros2/install/my_offboard_ctrl/lib/pkgconfig/my_offboard_ctrl.pc'
[5.891s] Level 1:colcon.colcon_core.environment:checking '/home/yangdrone/ws_ros2/install/my_offboard_ctrl/lib/python3.10/site-packages'
[5.891s] Level 1:colcon.colcon_core.shell:create_environment_hook('my_offboard_ctrl', 'pythonpath')
[5.892s] INFO:colcon.colcon_core.shell:Creating environment hook '/home/yangdrone/ws_ros2/install/my_offboard_ctrl/share/my_offboard_ctrl/hook/pythonpath.ps1'
[5.894s] INFO:colcon.colcon_core.shell:Creating environment descriptor '/home/yangdrone/ws_ros2/install/my_offboard_ctrl/share/my_offboard_ctrl/hook/pythonpath.dsv'
[5.896s] INFO:colcon.colcon_core.shell:Creating environment hook '/home/yangdrone/ws_ros2/install/my_offboard_ctrl/share/my_offboard_ctrl/hook/pythonpath.sh'
[5.899s] Level 1:colcon.colcon_core.environment:checking '/home/yangdrone/ws_ros2/install/my_offboard_ctrl/bin'
[5.899s] Level 1:colcon.colcon_core.environment:create_environment_scripts_only(my_offboard_ctrl)
[5.900s] INFO:colcon.colcon_core.shell:Creating package script '/home/yangdrone/ws_ros2/install/my_offboard_ctrl/share/my_offboard_ctrl/package.ps1'
[5.905s] INFO:colcon.colcon_core.shell:Creating package descriptor '/home/yangdrone/ws_ros2/install/my_offboard_ctrl/share/my_offboard_ctrl/package.dsv'
[5.908s] INFO:colcon.colcon_core.shell:Creating package script '/home/yangdrone/ws_ros2/install/my_offboard_ctrl/share/my_offboard_ctrl/package.sh'
[5.911s] INFO:colcon.colcon_core.shell:Creating package script '/home/yangdrone/ws_ros2/install/my_offboard_ctrl/share/my_offboard_ctrl/package.bash'
[5.914s] INFO:colcon.colcon_core.shell:Creating package script '/home/yangdrone/ws_ros2/install/my_offboard_ctrl/share/my_offboard_ctrl/package.zsh'
[5.917s] Level 1:colcon.colcon_core.environment:create_file_with_runtime_dependencies(/home/yangdrone/ws_ros2/install/my_offboard_ctrl/share/colcon-core/packages/my_offboard_ctrl)
[5.919s] DEBUG:colcon.colcon_parallel_executor.executor.parallel:closing loop
[5.920s] DEBUG:colcon.colcon_parallel_executor.executor.parallel:loop closed
[5.920s] DEBUG:colcon.colcon_parallel_executor.executor.parallel:run_until_complete finished with '0'
[5.921s] DEBUG:colcon.colcon_core.event_reactor:joining thread
[5.922s] DEBUG:colcon.colcon_core.event_reactor:joined thread
[5.923s] INFO:colcon.colcon_core.shell:Creating prefix script '/home/yangdrone/ws_ros2/install/local_setup.ps1'
[5.927s] INFO:colcon.colcon_core.shell:Creating prefix util module '/home/yangdrone/ws_ros2/install/_local_setup_util_ps1.py'
[5.933s] INFO:colcon.colcon_core.shell:Creating prefix chain script '/home/yangdrone/ws_ros2/install/setup.ps1'
[5.938s] INFO:colcon.colcon_core.shell:Creating prefix script '/home/yangdrone/ws_ros2/install/local_setup.sh'
[5.941s] INFO:colcon.colcon_core.shell:Creating prefix util module '/home/yangdrone/ws_ros2/install/_local_setup_util_sh.py'
[5.944s] INFO:colcon.colcon_core.shell:Creating prefix chain script '/home/yangdrone/ws_ros2/install/setup.sh'
[5.949s] INFO:colcon.colcon_core.shell:Creating prefix script '/home/yangdrone/ws_ros2/install/local_setup.bash'
[5.951s] INFO:colcon.colcon_core.shell:Creating prefix chain script '/home/yangdrone/ws_ros2/install/setup.bash'
[5.955s] INFO:colcon.colcon_core.shell:Creating prefix script '/home/yangdrone/ws_ros2/install/local_setup.zsh'
[5.958s] INFO:colcon.colcon_core.shell:Creating prefix chain script '/home/yangdrone/ws_ros2/install/setup.zsh'
