[1.026s] DEBUG:colcon:Command line arguments: ['/usr/bin/colcon', 'build']
[1.027s] DEBUG:colcon:Parsed command line arguments: Namespace(log_base=None, log_level=None, verb_name='build', build_base='build', install_base='install', merge_install=False, symlink_install=False, test_result_base=None, continue_on_error=False, executor='parallel', parallel_workers=4, event_handlers=None, ignore_user_meta=False, metas=['./colcon.meta'], base_paths=['.'], packages_ignore=None, packages_ignore_regex=None, paths=None, packages_up_to=None, packages_up_to_regex=None, packages_above=None, packages_above_and_dependencies=None, packages_above_depth=None, packages_select_by_dep=None, packages_skip_by_dep=None, packages_skip_up_to=None, packages_select_build_failed=False, packages_skip_build_finished=False, packages_select_test_failures=False, packages_skip_test_passed=False, packages_select=None, packages_skip=None, packages_select_regex=None, packages_skip_regex=None, packages_start=None, packages_end=None, allow_overriding=[], cmake_args=None, cmake_target=None, cmake_target_skip_unavailable=False, cmake_clean_cache=False, cmake_clean_first=False, cmake_force_configure=False, ament_cmake_args=None, catkin_cmake_args=None, catkin_skip_building_tests=False, mixin_files=None, mixin=None, verb_parser=<colcon_mixin.mixin.mixin_argument.MixinArgumentDecorator object at 0xffffb29d1d20>, verb_extension=<colcon_core.verb.build.BuildVerb object at 0xffffb2b4f3a0>, main=<bound method BuildVerb.main of <colcon_core.verb.build.BuildVerb object at 0xffffb2b4f3a0>>, mixin_verb=('build',))
[2.183s] Level 1:colcon.colcon_core.package_discovery:discover_packages(colcon_meta) check parameters
[2.183s] Level 1:colcon.colcon_core.package_discovery:discover_packages(recursive) check parameters
[2.183s] Level 1:colcon.colcon_core.package_discovery:discover_packages(ignore) check parameters
[2.184s] Level 1:colcon.colcon_core.package_discovery:discover_packages(path) check parameters
[2.184s] Level 1:colcon.colcon_core.package_discovery:discover_packages(colcon_meta) discover
[2.184s] Level 1:colcon.colcon_core.package_discovery:discover_packages(recursive) discover
[2.184s] INFO:colcon.colcon_core.package_discovery:Crawling recursively for packages in '/home/yangdrone/ws_ros2'
[2.185s] Level 1:colcon.colcon_core.package_identification:_identify(.) by extensions ['ignore', 'ignore_ament_install']
[2.185s] Level 1:colcon.colcon_core.package_identification:_identify(.) by extension 'ignore'
[2.185s] Level 1:colcon.colcon_core.package_identification:_identify(.) by extension 'ignore_ament_install'
[2.186s] Level 1:colcon.colcon_core.package_identification:_identify(.) by extensions ['colcon_pkg']
[2.186s] Level 1:colcon.colcon_core.package_identification:_identify(.) by extension 'colcon_pkg'
[2.186s] Level 1:colcon.colcon_core.package_identification:_identify(.) by extensions ['colcon_meta']
[2.186s] Level 1:colcon.colcon_core.package_identification:_identify(.) by extension 'colcon_meta'
[2.186s] Level 1:colcon.colcon_core.package_identification:_identify(.) by extensions ['ros']
[2.187s] Level 1:colcon.colcon_core.package_identification:_identify(.) by extension 'ros'
[2.294s] Level 1:colcon.colcon_core.package_identification:_identify(.) by extensions ['cmake', 'python']
[2.295s] Level 1:colcon.colcon_core.package_identification:_identify(.) by extension 'cmake'
[2.295s] Level 1:colcon.colcon_core.package_identification:_identify(.) by extension 'python'
[2.295s] Level 1:colcon.colcon_core.package_identification:_identify(.) by extensions ['python_setup_py']
[2.295s] Level 1:colcon.colcon_core.package_identification:_identify(.) by extension 'python_setup_py'
[2.296s] Level 1:colcon.colcon_core.package_identification:_identify(build) by extensions ['ignore', 'ignore_ament_install']
[2.296s] Level 1:colcon.colcon_core.package_identification:_identify(build) by extension 'ignore'
[2.296s] Level 1:colcon.colcon_core.package_identification:_identify(build) ignored
[2.297s] Level 1:colcon.colcon_core.package_identification:_identify(install) by extensions ['ignore', 'ignore_ament_install']
[2.297s] Level 1:colcon.colcon_core.package_identification:_identify(install) by extension 'ignore'
[2.297s] Level 1:colcon.colcon_core.package_identification:_identify(install) ignored
[2.298s] Level 1:colcon.colcon_core.package_identification:_identify(log) by extensions ['ignore', 'ignore_ament_install']
[2.298s] Level 1:colcon.colcon_core.package_identification:_identify(log) by extension 'ignore'
[2.298s] Level 1:colcon.colcon_core.package_identification:_identify(log) ignored
[2.298s] Level 1:colcon.colcon_core.package_identification:_identify(src) by extensions ['ignore', 'ignore_ament_install']
[2.299s] Level 1:colcon.colcon_core.package_identification:_identify(src) by extension 'ignore'
[2.299s] Level 1:colcon.colcon_core.package_identification:_identify(src) by extension 'ignore_ament_install'
[2.299s] Level 1:colcon.colcon_core.package_identification:_identify(src) by extensions ['colcon_pkg']
[2.299s] Level 1:colcon.colcon_core.package_identification:_identify(src) by extension 'colcon_pkg'
[2.299s] Level 1:colcon.colcon_core.package_identification:_identify(src) by extensions ['colcon_meta']
[2.299s] Level 1:colcon.colcon_core.package_identification:_identify(src) by extension 'colcon_meta'
[2.300s] Level 1:colcon.colcon_core.package_identification:_identify(src) by extensions ['ros']
[2.300s] Level 1:colcon.colcon_core.package_identification:_identify(src) by extension 'ros'
[2.300s] Level 1:colcon.colcon_core.package_identification:_identify(src) by extensions ['cmake', 'python']
[2.300s] Level 1:colcon.colcon_core.package_identification:_identify(src) by extension 'cmake'
[2.300s] Level 1:colcon.colcon_core.package_identification:_identify(src) by extension 'python'
[2.301s] Level 1:colcon.colcon_core.package_identification:_identify(src) by extensions ['python_setup_py']
[2.301s] Level 1:colcon.colcon_core.package_identification:_identify(src) by extension 'python_setup_py'
[2.302s] Level 1:colcon.colcon_core.package_identification:_identify(src/my_offboard_ctrl) by extensions ['ignore', 'ignore_ament_install']
[2.302s] Level 1:colcon.colcon_core.package_identification:_identify(src/my_offboard_ctrl) by extension 'ignore'
[2.302s] Level 1:colcon.colcon_core.package_identification:_identify(src/my_offboard_ctrl) by extension 'ignore_ament_install'
[2.303s] Level 1:colcon.colcon_core.package_identification:_identify(src/my_offboard_ctrl) by extensions ['colcon_pkg']
[2.303s] Level 1:colcon.colcon_core.package_identification:_identify(src/my_offboard_ctrl) by extension 'colcon_pkg'
[2.303s] Level 1:colcon.colcon_core.package_identification:_identify(src/my_offboard_ctrl) by extensions ['colcon_meta']
[2.303s] Level 1:colcon.colcon_core.package_identification:_identify(src/my_offboard_ctrl) by extension 'colcon_meta'
[2.303s] Level 1:colcon.colcon_core.package_identification:_identify(src/my_offboard_ctrl) by extensions ['ros']
[2.303s] Level 1:colcon.colcon_core.package_identification:_identify(src/my_offboard_ctrl) by extension 'ros'
[2.315s] DEBUG:colcon.colcon_core.package_identification:Package 'src/my_offboard_ctrl' with type 'ros.ament_python' and name 'my_offboard_ctrl'
[2.316s] Level 1:colcon.colcon_core.package_identification:_identify(src/px4_msgs) by extensions ['ignore', 'ignore_ament_install']
[2.316s] Level 1:colcon.colcon_core.package_identification:_identify(src/px4_msgs) by extension 'ignore'
[2.316s] Level 1:colcon.colcon_core.package_identification:_identify(src/px4_msgs) by extension 'ignore_ament_install'
[2.317s] Level 1:colcon.colcon_core.package_identification:_identify(src/px4_msgs) by extensions ['colcon_pkg']
[2.317s] Level 1:colcon.colcon_core.package_identification:_identify(src/px4_msgs) by extension 'colcon_pkg'
[2.317s] Level 1:colcon.colcon_core.package_identification:_identify(src/px4_msgs) by extensions ['colcon_meta']
[2.317s] Level 1:colcon.colcon_core.package_identification:_identify(src/px4_msgs) by extension 'colcon_meta'
[2.317s] Level 1:colcon.colcon_core.package_identification:_identify(src/px4_msgs) by extensions ['ros']
[2.318s] Level 1:colcon.colcon_core.package_identification:_identify(src/px4_msgs) by extension 'ros'
[2.321s] DEBUG:colcon.colcon_core.package_identification:Package 'src/px4_msgs' with type 'ros.ament_cmake' and name 'px4_msgs'
[2.321s] Level 1:colcon.colcon_core.package_discovery:discover_packages(recursive) using defaults
[2.321s] Level 1:colcon.colcon_core.package_discovery:discover_packages(ignore) discover
[2.321s] Level 1:colcon.colcon_core.package_discovery:discover_packages(ignore) using defaults
[2.321s] Level 1:colcon.colcon_core.package_discovery:discover_packages(path) discover
[2.322s] Level 1:colcon.colcon_core.package_discovery:discover_packages(path) using defaults
[2.435s] Level 1:colcon.colcon_core.package_discovery:discover_packages(prefix_path) check parameters
[2.435s] Level 1:colcon.colcon_core.package_discovery:discover_packages(prefix_path) discover
[2.454s] DEBUG:colcon.colcon_installed_package_information.package_discovery:Found 231 installed packages in /opt/ros/humble
[2.460s] Level 1:colcon.colcon_core.package_discovery:discover_packages(prefix_path) using defaults
[2.598s] Level 5:colcon.colcon_core.verb:set package 'my_offboard_ctrl' build argument 'cmake_args' from command line to 'None'
[2.598s] Level 5:colcon.colcon_core.verb:set package 'my_offboard_ctrl' build argument 'cmake_target' from command line to 'None'
[2.598s] Level 5:colcon.colcon_core.verb:set package 'my_offboard_ctrl' build argument 'cmake_target_skip_unavailable' from command line to 'False'
[2.598s] Level 5:colcon.colcon_core.verb:set package 'my_offboard_ctrl' build argument 'cmake_clean_cache' from command line to 'False'
[2.598s] Level 5:colcon.colcon_core.verb:set package 'my_offboard_ctrl' build argument 'cmake_clean_first' from command line to 'False'
[2.598s] Level 5:colcon.colcon_core.verb:set package 'my_offboard_ctrl' build argument 'cmake_force_configure' from command line to 'False'
[2.598s] Level 5:colcon.colcon_core.verb:set package 'my_offboard_ctrl' build argument 'ament_cmake_args' from command line to 'None'
[2.598s] Level 5:colcon.colcon_core.verb:set package 'my_offboard_ctrl' build argument 'catkin_cmake_args' from command line to 'None'
[2.598s] Level 5:colcon.colcon_core.verb:set package 'my_offboard_ctrl' build argument 'catkin_skip_building_tests' from command line to 'False'
[2.599s] DEBUG:colcon.colcon_core.verb:Building package 'my_offboard_ctrl' with the following arguments: {'ament_cmake_args': None, 'build_base': '/home/yangdrone/ws_ros2/build/my_offboard_ctrl', 'catkin_cmake_args': None, 'catkin_skip_building_tests': False, 'cmake_args': None, 'cmake_clean_cache': False, 'cmake_clean_first': False, 'cmake_force_configure': False, 'cmake_target': None, 'cmake_target_skip_unavailable': False, 'install_base': '/home/yangdrone/ws_ros2/install/my_offboard_ctrl', 'merge_install': False, 'path': '/home/yangdrone/ws_ros2/src/my_offboard_ctrl', 'symlink_install': False, 'test_result_base': None}
[2.600s] Level 5:colcon.colcon_core.verb:set package 'px4_msgs' build argument 'cmake_args' from command line to 'None'
[2.600s] Level 5:colcon.colcon_core.verb:set package 'px4_msgs' build argument 'cmake_target' from command line to 'None'
[2.600s] Level 5:colcon.colcon_core.verb:set package 'px4_msgs' build argument 'cmake_target_skip_unavailable' from command line to 'False'
[2.600s] Level 5:colcon.colcon_core.verb:set package 'px4_msgs' build argument 'cmake_clean_cache' from command line to 'False'
[2.600s] Level 5:colcon.colcon_core.verb:set package 'px4_msgs' build argument 'cmake_clean_first' from command line to 'False'
[2.600s] Level 5:colcon.colcon_core.verb:set package 'px4_msgs' build argument 'cmake_force_configure' from command line to 'False'
[2.600s] Level 5:colcon.colcon_core.verb:set package 'px4_msgs' build argument 'ament_cmake_args' from command line to 'None'
[2.600s] Level 5:colcon.colcon_core.verb:set package 'px4_msgs' build argument 'catkin_cmake_args' from command line to 'None'
[2.601s] Level 5:colcon.colcon_core.verb:set package 'px4_msgs' build argument 'catkin_skip_building_tests' from command line to 'False'
[2.601s] DEBUG:colcon.colcon_core.verb:Building package 'px4_msgs' with the following arguments: {'ament_cmake_args': None, 'build_base': '/home/yangdrone/ws_ros2/build/px4_msgs', 'catkin_cmake_args': None, 'catkin_skip_building_tests': False, 'cmake_args': None, 'cmake_clean_cache': False, 'cmake_clean_first': False, 'cmake_force_configure': False, 'cmake_target': None, 'cmake_target_skip_unavailable': False, 'install_base': '/home/yangdrone/ws_ros2/install/px4_msgs', 'merge_install': False, 'path': '/home/yangdrone/ws_ros2/src/px4_msgs', 'symlink_install': False, 'test_result_base': None}
[2.601s] INFO:colcon.colcon_core.executor:Executing jobs using 'parallel' executor
[2.604s] DEBUG:colcon.colcon_parallel_executor.executor.parallel:run_until_complete
[2.605s] INFO:colcon.colcon_ros.task.ament_python.build:Building ROS package in '/home/yangdrone/ws_ros2/src/my_offboard_ctrl' with build type 'ament_python'
[2.606s] Level 1:colcon.colcon_core.shell:create_environment_hook('my_offboard_ctrl', 'ament_prefix_path')
[2.623s] INFO:colcon.colcon_core.plugin_system:Skipping extension 'colcon_core.shell.bat': Not used on non-Windows systems
[2.624s] INFO:colcon.colcon_core.shell:Creating environment hook '/home/yangdrone/ws_ros2/install/my_offboard_ctrl/share/my_offboard_ctrl/hook/ament_prefix_path.ps1'
[2.629s] INFO:colcon.colcon_core.shell:Creating environment descriptor '/home/yangdrone/ws_ros2/install/my_offboard_ctrl/share/my_offboard_ctrl/hook/ament_prefix_path.dsv'
[2.631s] INFO:colcon.colcon_core.shell:Creating environment hook '/home/yangdrone/ws_ros2/install/my_offboard_ctrl/share/my_offboard_ctrl/hook/ament_prefix_path.sh'
[2.636s] INFO:colcon.colcon_core.shell:Skip shell extension 'powershell' for command environment: Not usable outside of PowerShell
[2.636s] DEBUG:colcon.colcon_core.shell:Skip shell extension 'dsv' for command environment
[2.651s] INFO:colcon.colcon_ros.task.ament_cmake.build:Building ROS package in '/home/yangdrone/ws_ros2/src/px4_msgs' with build type 'ament_cmake'
[2.652s] INFO:colcon.colcon_cmake.task.cmake.build:Building CMake package in '/home/yangdrone/ws_ros2/src/px4_msgs'
[2.653s] INFO:colcon.colcon_core.shell:Skip shell extension 'powershell' for command environment: Not usable outside of PowerShell
[2.654s] DEBUG:colcon.colcon_core.shell:Skip shell extension 'dsv' for command environment
[3.856s] INFO:colcon.colcon_core.task.python.build:Building Python package in '/home/yangdrone/ws_ros2/src/my_offboard_ctrl'
[3.857s] INFO:colcon.colcon_core.shell:Skip shell extension 'powershell' for command environment: Not usable outside of PowerShell
[3.858s] DEBUG:colcon.colcon_core.shell:Skip shell extension 'dsv' for command environment
[3.889s] DEBUG:colcon.colcon_core.event_handler.log_command:Invoking command in '/home/yangdrone/ws_ros2/build/px4_msgs': CMAKE_PREFIX_PATH=/opt/ros/humble /usr/bin/cmake /home/yangdrone/ws_ros2/src/px4_msgs -DCMAKE_INSTALL_PREFIX=/home/yangdrone/ws_ros2/install/px4_msgs
[6.310s] DEBUG:colcon.colcon_core.event_handler.log_command:Invoking command in '/home/yangdrone/ws_ros2/src/my_offboard_ctrl': PYTHONPATH=/home/yangdrone/ws_ros2/build/my_offboard_ctrl/prefix_override:/usr/lib/python3/dist-packages/colcon_core/task/python/colcon_distutils_commands:/home/yangdrone/ws_ros2/install/my_offboard_ctrl/lib/python3.10/site-packages:${PYTHONPATH} /usr/bin/python3 -W ignore:setup.py install is deprecated -W ignore:easy_install command is deprecated setup.py egg_info --egg-base ../../build/my_offboard_ctrl build --build-base /home/yangdrone/ws_ros2/build/my_offboard_ctrl/build install --record /home/yangdrone/ws_ros2/build/my_offboard_ctrl/install.log --single-version-externally-managed install_data
[7.994s] DEBUG:colcon.colcon_core.event_handler.log_command:Invoked command in '/home/yangdrone/ws_ros2/src/my_offboard_ctrl' returned '0': PYTHONPATH=/home/yangdrone/ws_ros2/build/my_offboard_ctrl/prefix_override:/usr/lib/python3/dist-packages/colcon_core/task/python/colcon_distutils_commands:/home/yangdrone/ws_ros2/install/my_offboard_ctrl/lib/python3.10/site-packages:${PYTHONPATH} /usr/bin/python3 -W ignore:setup.py install is deprecated -W ignore:easy_install command is deprecated setup.py egg_info --egg-base ../../build/my_offboard_ctrl build --build-base /home/yangdrone/ws_ros2/build/my_offboard_ctrl/build install --record /home/yangdrone/ws_ros2/build/my_offboard_ctrl/install.log --single-version-externally-managed install_data
[8.015s] Level 1:colcon.colcon_core.environment:checking '/home/yangdrone/ws_ros2/install/my_offboard_ctrl' for CMake module files
[8.018s] Level 1:colcon.colcon_core.environment:checking '/home/yangdrone/ws_ros2/install/my_offboard_ctrl' for CMake config files
[8.021s] Level 1:colcon.colcon_core.environment:checking '/home/yangdrone/ws_ros2/install/my_offboard_ctrl/lib'
[8.022s] Level 1:colcon.colcon_core.environment:checking '/home/yangdrone/ws_ros2/install/my_offboard_ctrl/bin'
[8.022s] Level 1:colcon.colcon_core.environment:checking '/home/yangdrone/ws_ros2/install/my_offboard_ctrl/lib/pkgconfig/my_offboard_ctrl.pc'
[8.023s] Level 1:colcon.colcon_core.environment:checking '/home/yangdrone/ws_ros2/install/my_offboard_ctrl/lib/python3.10/site-packages'
[8.023s] Level 1:colcon.colcon_core.shell:create_environment_hook('my_offboard_ctrl', 'pythonpath')
[8.024s] INFO:colcon.colcon_core.shell:Creating environment hook '/home/yangdrone/ws_ros2/install/my_offboard_ctrl/share/my_offboard_ctrl/hook/pythonpath.ps1'
[8.026s] INFO:colcon.colcon_core.shell:Creating environment descriptor '/home/yangdrone/ws_ros2/install/my_offboard_ctrl/share/my_offboard_ctrl/hook/pythonpath.dsv'
[8.027s] INFO:colcon.colcon_core.shell:Creating environment hook '/home/yangdrone/ws_ros2/install/my_offboard_ctrl/share/my_offboard_ctrl/hook/pythonpath.sh'
[8.030s] Level 1:colcon.colcon_core.environment:checking '/home/yangdrone/ws_ros2/install/my_offboard_ctrl/bin'
[8.031s] Level 1:colcon.colcon_core.environment:create_environment_scripts_only(my_offboard_ctrl)
[8.032s] INFO:colcon.colcon_core.shell:Creating package script '/home/yangdrone/ws_ros2/install/my_offboard_ctrl/share/my_offboard_ctrl/package.ps1'
[8.037s] INFO:colcon.colcon_core.shell:Creating package descriptor '/home/yangdrone/ws_ros2/install/my_offboard_ctrl/share/my_offboard_ctrl/package.dsv'
[8.040s] INFO:colcon.colcon_core.shell:Creating package script '/home/yangdrone/ws_ros2/install/my_offboard_ctrl/share/my_offboard_ctrl/package.sh'
[8.044s] INFO:colcon.colcon_core.shell:Creating package script '/home/yangdrone/ws_ros2/install/my_offboard_ctrl/share/my_offboard_ctrl/package.bash'
[8.048s] INFO:colcon.colcon_core.shell:Creating package script '/home/yangdrone/ws_ros2/install/my_offboard_ctrl/share/my_offboard_ctrl/package.zsh'
[8.052s] Level 1:colcon.colcon_core.environment:create_file_with_runtime_dependencies(/home/yangdrone/ws_ros2/install/my_offboard_ctrl/share/colcon-core/packages/my_offboard_ctrl)
[21.511s] DEBUG:colcon.colcon_core.event_handler.log_command:Invoked command in '/home/yangdrone/ws_ros2/build/px4_msgs' returned '0': CMAKE_PREFIX_PATH=/opt/ros/humble /usr/bin/cmake /home/yangdrone/ws_ros2/src/px4_msgs -DCMAKE_INSTALL_PREFIX=/home/yangdrone/ws_ros2/install/px4_msgs
[21.520s] DEBUG:colcon.colcon_core.event_handler.log_command:Invoking command in '/home/yangdrone/ws_ros2/build/px4_msgs': CMAKE_PREFIX_PATH=/opt/ros/humble /usr/bin/cmake --build /home/yangdrone/ws_ros2/build/px4_msgs -- -j4 -l4
[1305.436s] DEBUG:colcon.colcon_core.event_handler.log_command:Invoked command in '/home/yangdrone/ws_ros2/build/px4_msgs' returned '0': CMAKE_PREFIX_PATH=/opt/ros/humble /usr/bin/cmake --build /home/yangdrone/ws_ros2/build/px4_msgs -- -j4 -l4
[1305.477s] DEBUG:colcon.colcon_core.event_handler.log_command:Invoking command in '/home/yangdrone/ws_ros2/build/px4_msgs': CMAKE_PREFIX_PATH=/opt/ros/humble /usr/bin/cmake --install /home/yangdrone/ws_ros2/build/px4_msgs
[1313.257s] Level 1:colcon.colcon_core.environment:create_environment_scripts_only(px4_msgs)
[1313.258s] Level 1:colcon.colcon_core.environment:checking '/home/yangdrone/ws_ros2/install/px4_msgs' for CMake module files
[1313.259s] DEBUG:colcon.colcon_core.event_handler.log_command:Invoked command in '/home/yangdrone/ws_ros2/build/px4_msgs' returned '0': CMAKE_PREFIX_PATH=/opt/ros/humble /usr/bin/cmake --install /home/yangdrone/ws_ros2/build/px4_msgs
[1313.263s] Level 1:colcon.colcon_core.environment:checking '/home/yangdrone/ws_ros2/install/px4_msgs' for CMake config files
[1313.277s] Level 1:colcon.colcon_core.shell:create_environment_hook('px4_msgs', 'cmake_prefix_path')
[1313.278s] INFO:colcon.colcon_core.shell:Creating environment hook '/home/yangdrone/ws_ros2/install/px4_msgs/share/px4_msgs/hook/cmake_prefix_path.ps1'
[1313.280s] INFO:colcon.colcon_core.shell:Creating environment descriptor '/home/yangdrone/ws_ros2/install/px4_msgs/share/px4_msgs/hook/cmake_prefix_path.dsv'
[1313.281s] INFO:colcon.colcon_core.shell:Creating environment hook '/home/yangdrone/ws_ros2/install/px4_msgs/share/px4_msgs/hook/cmake_prefix_path.sh'
[1313.283s] Level 1:colcon.colcon_core.environment:checking '/home/yangdrone/ws_ros2/install/px4_msgs/lib'
[1313.284s] Level 1:colcon.colcon_core.shell:create_environment_hook('px4_msgs', 'ld_library_path_lib')
[1313.285s] INFO:colcon.colcon_core.shell:Creating environment hook '/home/yangdrone/ws_ros2/install/px4_msgs/share/px4_msgs/hook/ld_library_path_lib.ps1'
[1313.286s] INFO:colcon.colcon_core.shell:Creating environment descriptor '/home/yangdrone/ws_ros2/install/px4_msgs/share/px4_msgs/hook/ld_library_path_lib.dsv'
[1313.288s] INFO:colcon.colcon_core.shell:Creating environment hook '/home/yangdrone/ws_ros2/install/px4_msgs/share/px4_msgs/hook/ld_library_path_lib.sh'
[1313.289s] Level 1:colcon.colcon_core.environment:checking '/home/yangdrone/ws_ros2/install/px4_msgs/bin'
[1313.290s] Level 1:colcon.colcon_core.environment:checking '/home/yangdrone/ws_ros2/install/px4_msgs/lib/pkgconfig/px4_msgs.pc'
[1313.291s] Level 1:colcon.colcon_core.environment:checking '/home/yangdrone/ws_ros2/install/px4_msgs/lib/python3.10/site-packages'
[1313.292s] Level 1:colcon.colcon_core.environment:checking '/home/yangdrone/ws_ros2/install/px4_msgs/bin'
[1313.293s] INFO:colcon.colcon_core.shell:Creating package script '/home/yangdrone/ws_ros2/install/px4_msgs/share/px4_msgs/package.ps1'
[1313.296s] INFO:colcon.colcon_core.shell:Creating package descriptor '/home/yangdrone/ws_ros2/install/px4_msgs/share/px4_msgs/package.dsv'
[1313.298s] INFO:colcon.colcon_core.shell:Creating package script '/home/yangdrone/ws_ros2/install/px4_msgs/share/px4_msgs/package.sh'
[1313.300s] INFO:colcon.colcon_core.shell:Creating package script '/home/yangdrone/ws_ros2/install/px4_msgs/share/px4_msgs/package.bash'
[1313.301s] INFO:colcon.colcon_core.shell:Creating package script '/home/yangdrone/ws_ros2/install/px4_msgs/share/px4_msgs/package.zsh'
[1313.303s] Level 1:colcon.colcon_core.environment:create_file_with_runtime_dependencies(/home/yangdrone/ws_ros2/install/px4_msgs/share/colcon-core/packages/px4_msgs)
[1313.306s] Level 1:colcon.colcon_core.environment:create_environment_scripts_only(px4_msgs)
[1313.306s] Level 1:colcon.colcon_core.environment:checking '/home/yangdrone/ws_ros2/install/px4_msgs' for CMake module files
[1313.310s] Level 1:colcon.colcon_core.environment:checking '/home/yangdrone/ws_ros2/install/px4_msgs' for CMake config files
[1313.321s] Level 1:colcon.colcon_core.shell:create_environment_hook('px4_msgs', 'cmake_prefix_path')
[1313.322s] INFO:colcon.colcon_core.shell:Creating environment hook '/home/yangdrone/ws_ros2/install/px4_msgs/share/px4_msgs/hook/cmake_prefix_path.ps1'
[1313.324s] INFO:colcon.colcon_core.shell:Creating environment descriptor '/home/yangdrone/ws_ros2/install/px4_msgs/share/px4_msgs/hook/cmake_prefix_path.dsv'
[1313.326s] INFO:colcon.colcon_core.shell:Creating environment hook '/home/yangdrone/ws_ros2/install/px4_msgs/share/px4_msgs/hook/cmake_prefix_path.sh'
[1313.329s] Level 1:colcon.colcon_core.environment:checking '/home/yangdrone/ws_ros2/install/px4_msgs/lib'
[1313.329s] Level 1:colcon.colcon_core.shell:create_environment_hook('px4_msgs', 'ld_library_path_lib')
[1313.330s] INFO:colcon.colcon_core.shell:Creating environment hook '/home/yangdrone/ws_ros2/install/px4_msgs/share/px4_msgs/hook/ld_library_path_lib.ps1'
[1313.332s] INFO:colcon.colcon_core.shell:Creating environment descriptor '/home/yangdrone/ws_ros2/install/px4_msgs/share/px4_msgs/hook/ld_library_path_lib.dsv'
[1313.334s] INFO:colcon.colcon_core.shell:Creating environment hook '/home/yangdrone/ws_ros2/install/px4_msgs/share/px4_msgs/hook/ld_library_path_lib.sh'
[1313.335s] Level 1:colcon.colcon_core.environment:checking '/home/yangdrone/ws_ros2/install/px4_msgs/bin'
[1313.336s] Level 1:colcon.colcon_core.environment:checking '/home/yangdrone/ws_ros2/install/px4_msgs/lib/pkgconfig/px4_msgs.pc'
[1313.337s] Level 1:colcon.colcon_core.environment:checking '/home/yangdrone/ws_ros2/install/px4_msgs/lib/python3.10/site-packages'
[1313.338s] Level 1:colcon.colcon_core.environment:checking '/home/yangdrone/ws_ros2/install/px4_msgs/bin'
[1313.339s] INFO:colcon.colcon_core.shell:Creating package script '/home/yangdrone/ws_ros2/install/px4_msgs/share/px4_msgs/package.ps1'
[1313.342s] INFO:colcon.colcon_core.shell:Creating package descriptor '/home/yangdrone/ws_ros2/install/px4_msgs/share/px4_msgs/package.dsv'
[1313.345s] INFO:colcon.colcon_core.shell:Creating package script '/home/yangdrone/ws_ros2/install/px4_msgs/share/px4_msgs/package.sh'
[1313.347s] INFO:colcon.colcon_core.shell:Creating package script '/home/yangdrone/ws_ros2/install/px4_msgs/share/px4_msgs/package.bash'
[1313.349s] INFO:colcon.colcon_core.shell:Creating package script '/home/yangdrone/ws_ros2/install/px4_msgs/share/px4_msgs/package.zsh'
[1313.351s] Level 1:colcon.colcon_core.environment:create_file_with_runtime_dependencies(/home/yangdrone/ws_ros2/install/px4_msgs/share/colcon-core/packages/px4_msgs)
[1313.352s] DEBUG:colcon.colcon_parallel_executor.executor.parallel:closing loop
[1313.354s] DEBUG:colcon.colcon_parallel_executor.executor.parallel:loop closed
[1313.354s] DEBUG:colcon.colcon_parallel_executor.executor.parallel:run_until_complete finished with '0'
[1313.354s] DEBUG:colcon.colcon_core.event_reactor:joining thread
[1313.356s] DEBUG:colcon.colcon_core.event_reactor:joined thread
[1313.357s] INFO:colcon.colcon_core.shell:Creating prefix script '/home/yangdrone/ws_ros2/install/local_setup.ps1'
[1313.362s] INFO:colcon.colcon_core.shell:Creating prefix util module '/home/yangdrone/ws_ros2/install/_local_setup_util_ps1.py'
[1313.369s] INFO:colcon.colcon_core.shell:Creating prefix chain script '/home/yangdrone/ws_ros2/install/setup.ps1'
[1313.375s] INFO:colcon.colcon_core.shell:Creating prefix script '/home/yangdrone/ws_ros2/install/local_setup.sh'
[1313.379s] INFO:colcon.colcon_core.shell:Creating prefix util module '/home/yangdrone/ws_ros2/install/_local_setup_util_sh.py'
[1313.381s] INFO:colcon.colcon_core.shell:Creating prefix chain script '/home/yangdrone/ws_ros2/install/setup.sh'
[1313.386s] INFO:colcon.colcon_core.shell:Creating prefix script '/home/yangdrone/ws_ros2/install/local_setup.bash'
[1313.388s] INFO:colcon.colcon_core.shell:Creating prefix chain script '/home/yangdrone/ws_ros2/install/setup.bash'
[1313.392s] INFO:colcon.colcon_core.shell:Creating prefix script '/home/yangdrone/ws_ros2/install/local_setup.zsh'
[1313.395s] INFO:colcon.colcon_core.shell:Creating prefix chain script '/home/yangdrone/ws_ros2/install/setup.zsh'
