/home/yangdrone/ws_ros2/install/my_offboard_ctrl/lib/python3.10/site-packages/my_offboard_ctrl/testhead2.py
/home/yangdrone/ws_ros2/install/my_offboard_ctrl/lib/python3.10/site-packages/my_offboard_ctrl/offboard_ctrl_example.py
/home/yangdrone/ws_ros2/install/my_offboard_ctrl/lib/python3.10/site-packages/my_offboard_ctrl/gzcam.py
/home/yangdrone/ws_ros2/install/my_offboard_ctrl/lib/python3.10/site-packages/my_offboard_ctrl/__init__.py
/home/yangdrone/ws_ros2/install/my_offboard_ctrl/lib/python3.10/site-packages/my_offboard_ctrl/testaction2.py
/home/yangdrone/ws_ros2/install/my_offboard_ctrl/lib/python3.10/site-packages/my_offboard_ctrl/drone_unified.py
/home/yangdrone/ws_ros2/install/my_offboard_ctrl/lib/python3.10/site-packages/my_offboard_ctrl/__pycache__/testhead2.cpython-310.pyc
/home/yangdrone/ws_ros2/install/my_offboard_ctrl/lib/python3.10/site-packages/my_offboard_ctrl/__pycache__/offboard_ctrl_example.cpython-310.pyc
/home/yangdrone/ws_ros2/install/my_offboard_ctrl/lib/python3.10/site-packages/my_offboard_ctrl/__pycache__/gzcam.cpython-310.pyc
/home/yangdrone/ws_ros2/install/my_offboard_ctrl/lib/python3.10/site-packages/my_offboard_ctrl/__pycache__/__init__.cpython-310.pyc
/home/yangdrone/ws_ros2/install/my_offboard_ctrl/lib/python3.10/site-packages/my_offboard_ctrl/__pycache__/testaction2.cpython-310.pyc
/home/yangdrone/ws_ros2/install/my_offboard_ctrl/lib/python3.10/site-packages/my_offboard_ctrl/__pycache__/drone_unified.cpython-310.pyc
/home/yangdrone/ws_ros2/install/my_offboard_ctrl/share/ament_index/resource_index/packages/my_offboard_ctrl
/home/yangdrone/ws_ros2/install/my_offboard_ctrl/share/my_offboard_ctrl/package.xml
/home/yangdrone/ws_ros2/install/my_offboard_ctrl/lib/python3.10/site-packages/my_offboard_ctrl-0.0.0-py3.10.egg-info/PKG-INFO
/home/yangdrone/ws_ros2/install/my_offboard_ctrl/lib/python3.10/site-packages/my_offboard_ctrl-0.0.0-py3.10.egg-info/top_level.txt
/home/yangdrone/ws_ros2/install/my_offboard_ctrl/lib/python3.10/site-packages/my_offboard_ctrl-0.0.0-py3.10.egg-info/SOURCES.txt
/home/yangdrone/ws_ros2/install/my_offboard_ctrl/lib/python3.10/site-packages/my_offboard_ctrl-0.0.0-py3.10.egg-info/entry_points.txt
/home/yangdrone/ws_ros2/install/my_offboard_ctrl/lib/python3.10/site-packages/my_offboard_ctrl-0.0.0-py3.10.egg-info/requires.txt
/home/yangdrone/ws_ros2/install/my_offboard_ctrl/lib/python3.10/site-packages/my_offboard_ctrl-0.0.0-py3.10.egg-info/dependency_links.txt
/home/yangdrone/ws_ros2/install/my_offboard_ctrl/lib/python3.10/site-packages/my_offboard_ctrl-0.0.0-py3.10.egg-info/zip-safe
/home/yangdrone/ws_ros2/install/my_offboard_ctrl/lib/my_offboard_ctrl/drone_unified
/home/yangdrone/ws_ros2/install/my_offboard_ctrl/lib/my_offboard_ctrl/flight
/home/yangdrone/ws_ros2/install/my_offboard_ctrl/lib/my_offboard_ctrl/langcontrol
/home/yangdrone/ws_ros2/install/my_offboard_ctrl/lib/my_offboard_ctrl/offboard_ctrl_example
/home/yangdrone/ws_ros2/install/my_offboard_ctrl/lib/my_offboard_ctrl/realcontrol
/home/yangdrone/ws_ros2/install/my_offboard_ctrl/lib/my_offboard_ctrl/test
/home/yangdrone/ws_ros2/install/my_offboard_ctrl/lib/my_offboard_ctrl/testaction
/home/yangdrone/ws_ros2/install/my_offboard_ctrl/lib/my_offboard_ctrl/testaction1
/home/yangdrone/ws_ros2/install/my_offboard_ctrl/lib/my_offboard_ctrl/testaction2
/home/yangdrone/ws_ros2/install/my_offboard_ctrl/lib/my_offboard_ctrl/testhead
/home/yangdrone/ws_ros2/install/my_offboard_ctrl/lib/my_offboard_ctrl/testhead1
/home/yangdrone/ws_ros2/install/my_offboard_ctrl/lib/my_offboard_ctrl/testhead2
