[2.889s] Invoking command in '/home/yangdrone/ws_ros2/src/my_offboard_ctrl': PYTHONPATH=/home/yangdrone/ws_ros2/build/my_offboard_ctrl/prefix_override:/usr/lib/python3/dist-packages/colcon_core/task/python/colcon_distutils_commands:/home/yangdrone/ws_ros2/install/my_offboard_ctrl/lib/python3.10/site-packages:${PYTHONPATH} /usr/bin/python3 -W ignore:setup.py install is deprecated -W ignore:easy_install command is deprecated setup.py egg_info --egg-base ../../build/my_offboard_ctrl build --build-base /home/yangdrone/ws_ros2/build/my_offboard_ctrl/build install --record /home/yangdrone/ws_ros2/build/my_offboard_ctrl/install.log --single-version-externally-managed install_data
[3.985s] running egg_info
[3.989s] writing ../../build/my_offboard_ctrl/my_offboard_ctrl.egg-info/PKG-INFO
[3.990s] writing dependency_links to ../../build/my_offboard_ctrl/my_offboard_ctrl.egg-info/dependency_links.txt
[3.991s] writing entry points to ../../build/my_offboard_ctrl/my_offboard_ctrl.egg-info/entry_points.txt
[3.992s] writing requirements to ../../build/my_offboard_ctrl/my_offboard_ctrl.egg-info/requires.txt
[3.992s] writing top-level names to ../../build/my_offboard_ctrl/my_offboard_ctrl.egg-info/top_level.txt
[4.000s] reading manifest file '../../build/my_offboard_ctrl/my_offboard_ctrl.egg-info/SOURCES.txt'
[4.002s] adding license file 'LICENSE'
[4.004s] writing manifest file '../../build/my_offboard_ctrl/my_offboard_ctrl.egg-info/SOURCES.txt'
[4.005s] running build
[4.005s] running build_py
[4.007s] copying my_offboard_ctrl/drone_unified.py -> /home/yangdrone/ws_ros2/build/my_offboard_ctrl/build/lib/my_offboard_ctrl
[4.009s] running install
[4.010s] running install_lib
[4.015s] copying /home/yangdrone/ws_ros2/build/my_offboard_ctrl/build/lib/my_offboard_ctrl/drone_unified.py -> /home/yangdrone/ws_ros2/install/my_offboard_ctrl/lib/python3.10/site-packages/my_offboard_ctrl
[4.020s] byte-compiling /home/yangdrone/ws_ros2/install/my_offboard_ctrl/lib/python3.10/site-packages/my_offboard_ctrl/drone_unified.py to drone_unified.cpython-310.pyc
[4.025s]   File "/home/yangdrone/ws_ros2/install/my_offboard_ctrl/lib/python3.10/site-packages/my_offboard_ctrl/drone_unified.py", line 355
[4.025s]     parts = raw.split("
[4.026s]                       ^
[4.026s] SyntaxError: unterminated string literal (detected at line 355)
[4.026s] 
[4.026s] running install_data
[4.027s] running install_egg_info
[4.032s] removing '/home/yangdrone/ws_ros2/install/my_offboard_ctrl/lib/python3.10/site-packages/my_offboard_ctrl-0.0.0-py3.10.egg-info' (and everything under it)
[4.034s] Copying ../../build/my_offboard_ctrl/my_offboard_ctrl.egg-info to /home/yangdrone/ws_ros2/install/my_offboard_ctrl/lib/python3.10/site-packages/my_offboard_ctrl-0.0.0-py3.10.egg-info
[4.039s] running install_scripts
[4.117s] Installing drone_unified script to /home/yangdrone/ws_ros2/install/my_offboard_ctrl/lib/my_offboard_ctrl
[4.118s] Installing flight script to /home/yangdrone/ws_ros2/install/my_offboard_ctrl/lib/my_offboard_ctrl
[4.118s] Installing langcontrol script to /home/yangdrone/ws_ros2/install/my_offboard_ctrl/lib/my_offboard_ctrl
[4.119s] Installing offboard_ctrl_example script to /home/yangdrone/ws_ros2/install/my_offboard_ctrl/lib/my_offboard_ctrl
[4.120s] Installing realcontrol script to /home/yangdrone/ws_ros2/install/my_offboard_ctrl/lib/my_offboard_ctrl
[4.121s] Installing test script to /home/yangdrone/ws_ros2/install/my_offboard_ctrl/lib/my_offboard_ctrl
[4.122s] Installing testaction script to /home/yangdrone/ws_ros2/install/my_offboard_ctrl/lib/my_offboard_ctrl
[4.123s] Installing testaction1 script to /home/yangdrone/ws_ros2/install/my_offboard_ctrl/lib/my_offboard_ctrl
[4.123s] Installing testaction2 script to /home/yangdrone/ws_ros2/install/my_offboard_ctrl/lib/my_offboard_ctrl
[4.124s] Installing testhead script to /home/yangdrone/ws_ros2/install/my_offboard_ctrl/lib/my_offboard_ctrl
[4.125s] Installing testhead1 script to /home/yangdrone/ws_ros2/install/my_offboard_ctrl/lib/my_offboard_ctrl
[4.126s] Installing testhead2 script to /home/yangdrone/ws_ros2/install/my_offboard_ctrl/lib/my_offboard_ctrl
[4.127s] writing list of installed files to '/home/yangdrone/ws_ros2/build/my_offboard_ctrl/install.log'
[4.240s] Invoked command in '/home/yangdrone/ws_ros2/src/my_offboard_ctrl' returned '0': PYTHONPATH=/home/yangdrone/ws_ros2/build/my_offboard_ctrl/prefix_override:/usr/lib/python3/dist-packages/colcon_core/task/python/colcon_distutils_commands:/home/yangdrone/ws_ros2/install/my_offboard_ctrl/lib/python3.10/site-packages:${PYTHONPATH} /usr/bin/python3 -W ignore:setup.py install is deprecated -W ignore:easy_install command is deprecated setup.py egg_info --egg-base ../../build/my_offboard_ctrl build --build-base /home/yangdrone/ws_ros2/build/my_offboard_ctrl/build install --record /home/yangdrone/ws_ros2/build/my_offboard_ctrl/install.log --single-version-externally-managed install_data
