[0.731s] DEBUG:colcon:Command line arguments: ['/usr/bin/colcon', 'build', '--packages-select', 'my_offboard_ctrl']
[0.732s] DEBUG:colcon:Parsed command line arguments: Namespace(log_base=None, log_level=None, verb_name='build', build_base='build', install_base='install', merge_install=False, symlink_install=False, test_result_base=None, continue_on_error=False, executor='parallel', parallel_workers=4, event_handlers=None, ignore_user_meta=False, metas=['./colcon.meta'], base_paths=['.'], packages_ignore=None, packages_ignore_regex=None, paths=None, packages_up_to=None, packages_up_to_regex=None, packages_above=None, packages_above_and_dependencies=None, packages_above_depth=None, packages_select_by_dep=None, packages_skip_by_dep=None, packages_skip_up_to=None, packages_select_build_failed=False, packages_skip_build_finished=False, packages_select_test_failures=False, packages_skip_test_passed=False, packages_select=['my_offboard_ctrl'], packages_skip=None, packages_select_regex=None, packages_skip_regex=None, packages_start=None, packages_end=None, allow_overriding=[], cmake_args=None, cmake_target=None, cmake_target_skip_unavailable=False, cmake_clean_cache=False, cmake_clean_first=False, cmake_force_configure=False, ament_cmake_args=None, catkin_cmake_args=None, catkin_skip_building_tests=False, mixin_files=None, mixin=None, verb_parser=<colcon_mixin.mixin.mixin_argument.MixinArgumentDecorator object at 0xffff852b24a0>, verb_extension=<colcon_core.verb.build.BuildVerb object at 0xffff85423b20>, main=<bound method BuildVerb.main of <colcon_core.verb.build.BuildVerb object at 0xffff85423b20>>, mixin_verb=('build',))
[1.845s] Level 1:colcon.colcon_core.package_discovery:discover_packages(colcon_meta) check parameters
[1.846s] Level 1:colcon.colcon_core.package_discovery:discover_packages(recursive) check parameters
[1.846s] Level 1:colcon.colcon_core.package_discovery:discover_packages(ignore) check parameters
[1.846s] Level 1:colcon.colcon_core.package_discovery:discover_packages(path) check parameters
[1.847s] Level 1:colcon.colcon_core.package_discovery:discover_packages(colcon_meta) discover
[1.847s] Level 1:colcon.colcon_core.package_discovery:discover_packages(recursive) discover
[1.847s] INFO:colcon.colcon_core.package_discovery:Crawling recursively for packages in '/home/yangdrone/ws_ros2'
[1.848s] Level 1:colcon.colcon_core.package_identification:_identify(.) by extensions ['ignore', 'ignore_ament_install']
[1.848s] Level 1:colcon.colcon_core.package_identification:_identify(.) by extension 'ignore'
[1.849s] Level 1:colcon.colcon_core.package_identification:_identify(.) by extension 'ignore_ament_install'
[1.850s] Level 1:colcon.colcon_core.package_identification:_identify(.) by extensions ['colcon_pkg']
[1.850s] Level 1:colcon.colcon_core.package_identification:_identify(.) by extension 'colcon_pkg'
[1.851s] Level 1:colcon.colcon_core.package_identification:_identify(.) by extensions ['colcon_meta']
[1.851s] Level 1:colcon.colcon_core.package_identification:_identify(.) by extension 'colcon_meta'
[1.852s] Level 1:colcon.colcon_core.package_identification:_identify(.) by extensions ['ros']
[1.852s] Level 1:colcon.colcon_core.package_identification:_identify(.) by extension 'ros'
[1.959s] Level 1:colcon.colcon_core.package_identification:_identify(.) by extensions ['cmake', 'python']
[1.959s] Level 1:colcon.colcon_core.package_identification:_identify(.) by extension 'cmake'
[1.959s] Level 1:colcon.colcon_core.package_identification:_identify(.) by extension 'python'
[1.959s] Level 1:colcon.colcon_core.package_identification:_identify(.) by extensions ['python_setup_py']
[1.960s] Level 1:colcon.colcon_core.package_identification:_identify(.) by extension 'python_setup_py'
[1.960s] Level 1:colcon.colcon_core.package_identification:_identify(build) by extensions ['ignore', 'ignore_ament_install']
[1.961s] Level 1:colcon.colcon_core.package_identification:_identify(build) by extension 'ignore'
[1.962s] Level 1:colcon.colcon_core.package_identification:_identify(build) ignored
[1.963s] Level 1:colcon.colcon_core.package_identification:_identify(install) by extensions ['ignore', 'ignore_ament_install']
[1.963s] Level 1:colcon.colcon_core.package_identification:_identify(install) by extension 'ignore'
[1.963s] Level 1:colcon.colcon_core.package_identification:_identify(install) ignored
[1.964s] Level 1:colcon.colcon_core.package_identification:_identify(log) by extensions ['ignore', 'ignore_ament_install']
[1.965s] Level 1:colcon.colcon_core.package_identification:_identify(log) by extension 'ignore'
[1.965s] Level 1:colcon.colcon_core.package_identification:_identify(log) ignored
[1.966s] Level 1:colcon.colcon_core.package_identification:_identify(src) by extensions ['ignore', 'ignore_ament_install']
[1.966s] Level 1:colcon.colcon_core.package_identification:_identify(src) by extension 'ignore'
[1.966s] Level 1:colcon.colcon_core.package_identification:_identify(src) by extension 'ignore_ament_install'
[1.967s] Level 1:colcon.colcon_core.package_identification:_identify(src) by extensions ['colcon_pkg']
[1.967s] Level 1:colcon.colcon_core.package_identification:_identify(src) by extension 'colcon_pkg'
[1.967s] Level 1:colcon.colcon_core.package_identification:_identify(src) by extensions ['colcon_meta']
[1.967s] Level 1:colcon.colcon_core.package_identification:_identify(src) by extension 'colcon_meta'
[1.968s] Level 1:colcon.colcon_core.package_identification:_identify(src) by extensions ['ros']
[1.968s] Level 1:colcon.colcon_core.package_identification:_identify(src) by extension 'ros'
[1.968s] Level 1:colcon.colcon_core.package_identification:_identify(src) by extensions ['cmake', 'python']
[1.968s] Level 1:colcon.colcon_core.package_identification:_identify(src) by extension 'cmake'
[1.969s] Level 1:colcon.colcon_core.package_identification:_identify(src) by extension 'python'
[1.969s] Level 1:colcon.colcon_core.package_identification:_identify(src) by extensions ['python_setup_py']
[1.969s] Level 1:colcon.colcon_core.package_identification:_identify(src) by extension 'python_setup_py'
[1.970s] Level 1:colcon.colcon_core.package_identification:_identify(src/my_offboard_ctrl) by extensions ['ignore', 'ignore_ament_install']
[1.971s] Level 1:colcon.colcon_core.package_identification:_identify(src/my_offboard_ctrl) by extension 'ignore'
[1.971s] Level 1:colcon.colcon_core.package_identification:_identify(src/my_offboard_ctrl) by extension 'ignore_ament_install'
[1.972s] Level 1:colcon.colcon_core.package_identification:_identify(src/my_offboard_ctrl) by extensions ['colcon_pkg']
[1.972s] Level 1:colcon.colcon_core.package_identification:_identify(src/my_offboard_ctrl) by extension 'colcon_pkg'
[1.972s] Level 1:colcon.colcon_core.package_identification:_identify(src/my_offboard_ctrl) by extensions ['colcon_meta']
[1.973s] Level 1:colcon.colcon_core.package_identification:_identify(src/my_offboard_ctrl) by extension 'colcon_meta'
[1.973s] Level 1:colcon.colcon_core.package_identification:_identify(src/my_offboard_ctrl) by extensions ['ros']
[1.973s] Level 1:colcon.colcon_core.package_identification:_identify(src/my_offboard_ctrl) by extension 'ros'
[1.986s] DEBUG:colcon.colcon_core.package_identification:Package 'src/my_offboard_ctrl' with type 'ros.ament_python' and name 'my_offboard_ctrl'
[1.988s] Level 1:colcon.colcon_core.package_identification:_identify(src/px4_msgs) by extensions ['ignore', 'ignore_ament_install']
[1.988s] Level 1:colcon.colcon_core.package_identification:_identify(src/px4_msgs) by extension 'ignore'
[1.989s] Level 1:colcon.colcon_core.package_identification:_identify(src/px4_msgs) by extension 'ignore_ament_install'
[1.989s] Level 1:colcon.colcon_core.package_identification:_identify(src/px4_msgs) by extensions ['colcon_pkg']
[1.990s] Level 1:colcon.colcon_core.package_identification:_identify(src/px4_msgs) by extension 'colcon_pkg'
[1.990s] Level 1:colcon.colcon_core.package_identification:_identify(src/px4_msgs) by extensions ['colcon_meta']
[1.990s] Level 1:colcon.colcon_core.package_identification:_identify(src/px4_msgs) by extension 'colcon_meta'
[1.991s] Level 1:colcon.colcon_core.package_identification:_identify(src/px4_msgs) by extensions ['ros']
[1.991s] Level 1:colcon.colcon_core.package_identification:_identify(src/px4_msgs) by extension 'ros'
[1.995s] DEBUG:colcon.colcon_core.package_identification:Package 'src/px4_msgs' with type 'ros.ament_cmake' and name 'px4_msgs'
[1.995s] Level 1:colcon.colcon_core.package_discovery:discover_packages(recursive) using defaults
[1.996s] Level 1:colcon.colcon_core.package_discovery:discover_packages(ignore) discover
[1.996s] Level 1:colcon.colcon_core.package_discovery:discover_packages(ignore) using defaults
[1.996s] Level 1:colcon.colcon_core.package_discovery:discover_packages(path) discover
[1.997s] Level 1:colcon.colcon_core.package_discovery:discover_packages(path) using defaults
[2.096s] INFO:colcon.colcon_core.package_selection:Skipping not selected package 'px4_msgs' in 'src/px4_msgs'
[2.099s] Level 1:colcon.colcon_core.package_discovery:discover_packages(prefix_path) check parameters
[2.099s] Level 1:colcon.colcon_core.package_discovery:discover_packages(prefix_path) discover
[2.115s] DEBUG:colcon.colcon_installed_package_information.package_discovery:Found 2 installed packages in /home/yangdrone/ws_ros2/install
[2.124s] DEBUG:colcon.colcon_installed_package_information.package_discovery:Found 231 installed packages in /opt/ros/humble
[2.130s] Level 1:colcon.colcon_core.package_discovery:discover_packages(prefix_path) using defaults
[2.277s] Level 5:colcon.colcon_core.verb:set package 'my_offboard_ctrl' build argument 'cmake_args' from command line to 'None'
[2.278s] Level 5:colcon.colcon_core.verb:set package 'my_offboard_ctrl' build argument 'cmake_target' from command line to 'None'
[2.278s] Level 5:colcon.colcon_core.verb:set package 'my_offboard_ctrl' build argument 'cmake_target_skip_unavailable' from command line to 'False'
[2.278s] Level 5:colcon.colcon_core.verb:set package 'my_offboard_ctrl' build argument 'cmake_clean_cache' from command line to 'False'
[2.278s] Level 5:colcon.colcon_core.verb:set package 'my_offboard_ctrl' build argument 'cmake_clean_first' from command line to 'False'
[2.278s] Level 5:colcon.colcon_core.verb:set package 'my_offboard_ctrl' build argument 'cmake_force_configure' from command line to 'False'
[2.278s] Level 5:colcon.colcon_core.verb:set package 'my_offboard_ctrl' build argument 'ament_cmake_args' from command line to 'None'
[2.278s] Level 5:colcon.colcon_core.verb:set package 'my_offboard_ctrl' build argument 'catkin_cmake_args' from command line to 'None'
[2.279s] Level 5:colcon.colcon_core.verb:set package 'my_offboard_ctrl' build argument 'catkin_skip_building_tests' from command line to 'False'
[2.279s] DEBUG:colcon.colcon_core.verb:Building package 'my_offboard_ctrl' with the following arguments: {'ament_cmake_args': None, 'build_base': '/home/yangdrone/ws_ros2/build/my_offboard_ctrl', 'catkin_cmake_args': None, 'catkin_skip_building_tests': False, 'cmake_args': None, 'cmake_clean_cache': False, 'cmake_clean_first': False, 'cmake_force_configure': False, 'cmake_target': None, 'cmake_target_skip_unavailable': False, 'install_base': '/home/yangdrone/ws_ros2/install/my_offboard_ctrl', 'merge_install': False, 'path': '/home/yangdrone/ws_ros2/src/my_offboard_ctrl', 'symlink_install': False, 'test_result_base': None}
[2.279s] INFO:colcon.colcon_core.executor:Executing jobs using 'parallel' executor
[2.283s] DEBUG:colcon.colcon_parallel_executor.executor.parallel:run_until_complete
[2.284s] INFO:colcon.colcon_ros.task.ament_python.build:Building ROS package in '/home/yangdrone/ws_ros2/src/my_offboard_ctrl' with build type 'ament_python'
[2.284s] Level 1:colcon.colcon_core.shell:create_environment_hook('my_offboard_ctrl', 'ament_prefix_path')
[2.303s] INFO:colcon.colcon_core.plugin_system:Skipping extension 'colcon_core.shell.bat': Not used on non-Windows systems
[2.304s] INFO:colcon.colcon_core.shell:Creating environment hook '/home/yangdrone/ws_ros2/install/my_offboard_ctrl/share/my_offboard_ctrl/hook/ament_prefix_path.ps1'
[2.308s] INFO:colcon.colcon_core.shell:Creating environment descriptor '/home/yangdrone/ws_ros2/install/my_offboard_ctrl/share/my_offboard_ctrl/hook/ament_prefix_path.dsv'
[2.311s] INFO:colcon.colcon_core.shell:Creating environment hook '/home/yangdrone/ws_ros2/install/my_offboard_ctrl/share/my_offboard_ctrl/hook/ament_prefix_path.sh'
[2.316s] INFO:colcon.colcon_core.shell:Skip shell extension 'powershell' for command environment: Not usable outside of PowerShell
[2.317s] DEBUG:colcon.colcon_core.shell:Skip shell extension 'dsv' for command environment
[3.619s] INFO:colcon.colcon_core.task.python.build:Building Python package in '/home/yangdrone/ws_ros2/src/my_offboard_ctrl'
[3.620s] INFO:colcon.colcon_core.shell:Skip shell extension 'powershell' for command environment: Not usable outside of PowerShell
[3.620s] DEBUG:colcon.colcon_core.shell:Skip shell extension 'dsv' for command environment
[5.770s] DEBUG:colcon.colcon_core.event_handler.log_command:Invoking command in '/home/yangdrone/ws_ros2/src/my_offboard_ctrl': PYTHONPATH=/home/yangdrone/ws_ros2/build/my_offboard_ctrl/prefix_override:/usr/lib/python3/dist-packages/colcon_core/task/python/colcon_distutils_commands:/home/yangdrone/ws_ros2/install/my_offboard_ctrl/lib/python3.10/site-packages:${PYTHONPATH} /usr/bin/python3 -W ignore:setup.py install is deprecated -W ignore:easy_install command is deprecated setup.py egg_info --egg-base ../../build/my_offboard_ctrl build --build-base /home/yangdrone/ws_ros2/build/my_offboard_ctrl/build install --record /home/yangdrone/ws_ros2/build/my_offboard_ctrl/install.log --single-version-externally-managed install_data
[7.243s] DEBUG:colcon.colcon_core.event_handler.log_command:Invoked command in '/home/yangdrone/ws_ros2/src/my_offboard_ctrl' returned '0': PYTHONPATH=/home/yangdrone/ws_ros2/build/my_offboard_ctrl/prefix_override:/usr/lib/python3/dist-packages/colcon_core/task/python/colcon_distutils_commands:/home/yangdrone/ws_ros2/install/my_offboard_ctrl/lib/python3.10/site-packages:${PYTHONPATH} /usr/bin/python3 -W ignore:setup.py install is deprecated -W ignore:easy_install command is deprecated setup.py egg_info --egg-base ../../build/my_offboard_ctrl build --build-base /home/yangdrone/ws_ros2/build/my_offboard_ctrl/build install --record /home/yangdrone/ws_ros2/build/my_offboard_ctrl/install.log --single-version-externally-managed install_data
[7.268s] Level 1:colcon.colcon_core.environment:checking '/home/yangdrone/ws_ros2/install/my_offboard_ctrl' for CMake module files
[7.272s] Level 1:colcon.colcon_core.environment:checking '/home/yangdrone/ws_ros2/install/my_offboard_ctrl' for CMake config files
[7.276s] Level 1:colcon.colcon_core.environment:checking '/home/yangdrone/ws_ros2/install/my_offboard_ctrl/lib'
[7.278s] Level 1:colcon.colcon_core.environment:checking '/home/yangdrone/ws_ros2/install/my_offboard_ctrl/bin'
[7.278s] Level 1:colcon.colcon_core.environment:checking '/home/yangdrone/ws_ros2/install/my_offboard_ctrl/lib/pkgconfig/my_offboard_ctrl.pc'
[7.279s] Level 1:colcon.colcon_core.environment:checking '/home/yangdrone/ws_ros2/install/my_offboard_ctrl/lib/python3.10/site-packages'
[7.279s] Level 1:colcon.colcon_core.shell:create_environment_hook('my_offboard_ctrl', 'pythonpath')
[7.280s] INFO:colcon.colcon_core.shell:Creating environment hook '/home/yangdrone/ws_ros2/install/my_offboard_ctrl/share/my_offboard_ctrl/hook/pythonpath.ps1'
[7.283s] INFO:colcon.colcon_core.shell:Creating environment descriptor '/home/yangdrone/ws_ros2/install/my_offboard_ctrl/share/my_offboard_ctrl/hook/pythonpath.dsv'
[7.285s] INFO:colcon.colcon_core.shell:Creating environment hook '/home/yangdrone/ws_ros2/install/my_offboard_ctrl/share/my_offboard_ctrl/hook/pythonpath.sh'
[7.288s] Level 1:colcon.colcon_core.environment:checking '/home/yangdrone/ws_ros2/install/my_offboard_ctrl/bin'
[7.289s] Level 1:colcon.colcon_core.environment:create_environment_scripts_only(my_offboard_ctrl)
[7.290s] INFO:colcon.colcon_core.shell:Creating package script '/home/yangdrone/ws_ros2/install/my_offboard_ctrl/share/my_offboard_ctrl/package.ps1'
[7.296s] INFO:colcon.colcon_core.shell:Creating package descriptor '/home/yangdrone/ws_ros2/install/my_offboard_ctrl/share/my_offboard_ctrl/package.dsv'
[7.300s] INFO:colcon.colcon_core.shell:Creating package script '/home/yangdrone/ws_ros2/install/my_offboard_ctrl/share/my_offboard_ctrl/package.sh'
[7.305s] INFO:colcon.colcon_core.shell:Creating package script '/home/yangdrone/ws_ros2/install/my_offboard_ctrl/share/my_offboard_ctrl/package.bash'
[7.311s] INFO:colcon.colcon_core.shell:Creating package script '/home/yangdrone/ws_ros2/install/my_offboard_ctrl/share/my_offboard_ctrl/package.zsh'
[7.317s] Level 1:colcon.colcon_core.environment:create_file_with_runtime_dependencies(/home/yangdrone/ws_ros2/install/my_offboard_ctrl/share/colcon-core/packages/my_offboard_ctrl)
[7.318s] DEBUG:colcon.colcon_parallel_executor.executor.parallel:closing loop
[7.319s] DEBUG:colcon.colcon_parallel_executor.executor.parallel:loop closed
[7.320s] DEBUG:colcon.colcon_parallel_executor.executor.parallel:run_until_complete finished with '0'
[7.321s] DEBUG:colcon.colcon_core.event_reactor:joining thread
[7.324s] DEBUG:colcon.colcon_core.event_reactor:joined thread
[7.325s] INFO:colcon.colcon_core.shell:Creating prefix script '/home/yangdrone/ws_ros2/install/local_setup.ps1'
[7.330s] INFO:colcon.colcon_core.shell:Creating prefix util module '/home/yangdrone/ws_ros2/install/_local_setup_util_ps1.py'
[7.339s] INFO:colcon.colcon_core.shell:Creating prefix chain script '/home/yangdrone/ws_ros2/install/setup.ps1'
[7.348s] INFO:colcon.colcon_core.shell:Creating prefix script '/home/yangdrone/ws_ros2/install/local_setup.sh'
[7.352s] INFO:colcon.colcon_core.shell:Creating prefix util module '/home/yangdrone/ws_ros2/install/_local_setup_util_sh.py'
[7.355s] INFO:colcon.colcon_core.shell:Creating prefix chain script '/home/yangdrone/ws_ros2/install/setup.sh'
[7.362s] INFO:colcon.colcon_core.shell:Creating prefix script '/home/yangdrone/ws_ros2/install/local_setup.bash'
[7.366s] INFO:colcon.colcon_core.shell:Creating prefix chain script '/home/yangdrone/ws_ros2/install/setup.bash'
[7.372s] INFO:colcon.colcon_core.shell:Creating prefix script '/home/yangdrone/ws_ros2/install/local_setup.zsh'
[7.376s] INFO:colcon.colcon_core.shell:Creating prefix chain script '/home/yangdrone/ws_ros2/install/setup.zsh'
