[3.303s] Invoking command in '/home/yangdrone/ws_ros2/src/my_offboard_ctrl': PYTHONPATH=/home/yangdrone/ws_ros2/build/my_offboard_ctrl/prefix_override:/usr/lib/python3/dist-packages/colcon_core/task/python/colcon_distutils_commands:/home/yangdrone/ws_ros2/install/my_offboard_ctrl/lib/python3.10/site-packages:${PYTHONPATH} /usr/bin/python3 -W ignore:setup.py install is deprecated -W ignore:easy_install command is deprecated setup.py egg_info --egg-base ../../build/my_offboard_ctrl build --build-base /home/yangdrone/ws_ros2/build/my_offboard_ctrl/build install --record /home/yangdrone/ws_ros2/build/my_offboard_ctrl/install.log --single-version-externally-managed install_data
[4.393s] running egg_info
[4.396s] writing ../../build/my_offboard_ctrl/my_offboard_ctrl.egg-info/PKG-INFO
[4.398s] writing dependency_links to ../../build/my_offboard_ctrl/my_offboard_ctrl.egg-info/dependency_links.txt
[4.399s] writing entry points to ../../build/my_offboard_ctrl/my_offboard_ctrl.egg-info/entry_points.txt
[4.400s] writing requirements to ../../build/my_offboard_ctrl/my_offboard_ctrl.egg-info/requires.txt
[4.400s] writing top-level names to ../../build/my_offboard_ctrl/my_offboard_ctrl.egg-info/top_level.txt
[4.408s] reading manifest file '../../build/my_offboard_ctrl/my_offboard_ctrl.egg-info/SOURCES.txt'
[4.410s] adding license file 'LICENSE'
[4.413s] writing manifest file '../../build/my_offboard_ctrl/my_offboard_ctrl.egg-info/SOURCES.txt'
[4.413s] running build
[4.414s] running build_py
[4.416s] copying my_offboard_ctrl/drone_unified.py -> /home/yangdrone/ws_ros2/build/my_offboard_ctrl/build/lib/my_offboard_ctrl
[4.417s] running install
[4.419s] running install_lib
[4.424s] copying /home/yangdrone/ws_ros2/build/my_offboard_ctrl/build/lib/my_offboard_ctrl/drone_unified.py -> /home/yangdrone/ws_ros2/install/my_offboard_ctrl/lib/python3.10/site-packages/my_offboard_ctrl
[4.429s] byte-compiling /home/yangdrone/ws_ros2/install/my_offboard_ctrl/lib/python3.10/site-packages/my_offboard_ctrl/drone_unified.py to drone_unified.cpython-310.pyc
[4.440s] running install_data
[4.441s] running install_egg_info
[4.447s] removing '/home/yangdrone/ws_ros2/install/my_offboard_ctrl/lib/python3.10/site-packages/my_offboard_ctrl-0.0.0-py3.10.egg-info' (and everything under it)
[4.449s] Copying ../../build/my_offboard_ctrl/my_offboard_ctrl.egg-info to /home/yangdrone/ws_ros2/install/my_offboard_ctrl/lib/python3.10/site-packages/my_offboard_ctrl-0.0.0-py3.10.egg-info
[4.455s] running install_scripts
[4.532s] Installing drone_unified script to /home/yangdrone/ws_ros2/install/my_offboard_ctrl/lib/my_offboard_ctrl
[4.533s] Installing flight script to /home/yangdrone/ws_ros2/install/my_offboard_ctrl/lib/my_offboard_ctrl
[4.534s] Installing langcontrol script to /home/yangdrone/ws_ros2/install/my_offboard_ctrl/lib/my_offboard_ctrl
[4.535s] Installing offboard_ctrl_example script to /home/yangdrone/ws_ros2/install/my_offboard_ctrl/lib/my_offboard_ctrl
[4.536s] Installing realcontrol script to /home/yangdrone/ws_ros2/install/my_offboard_ctrl/lib/my_offboard_ctrl
[4.537s] Installing test script to /home/yangdrone/ws_ros2/install/my_offboard_ctrl/lib/my_offboard_ctrl
[4.537s] Installing testaction script to /home/yangdrone/ws_ros2/install/my_offboard_ctrl/lib/my_offboard_ctrl
[4.538s] Installing testaction1 script to /home/yangdrone/ws_ros2/install/my_offboard_ctrl/lib/my_offboard_ctrl
[4.539s] Installing testaction2 script to /home/yangdrone/ws_ros2/install/my_offboard_ctrl/lib/my_offboard_ctrl
[4.539s] Installing testhead script to /home/yangdrone/ws_ros2/install/my_offboard_ctrl/lib/my_offboard_ctrl
[4.540s] Installing testhead1 script to /home/yangdrone/ws_ros2/install/my_offboard_ctrl/lib/my_offboard_ctrl
[4.541s] Installing testhead2 script to /home/yangdrone/ws_ros2/install/my_offboard_ctrl/lib/my_offboard_ctrl
[4.543s] writing list of installed files to '/home/yangdrone/ws_ros2/build/my_offboard_ctrl/install.log'
[4.652s] Invoked command in '/home/yangdrone/ws_ros2/src/my_offboard_ctrl' returned '0': PYTHONPATH=/home/yangdrone/ws_ros2/build/my_offboard_ctrl/prefix_override:/usr/lib/python3/dist-packages/colcon_core/task/python/colcon_distutils_commands:/home/yangdrone/ws_ros2/install/my_offboard_ctrl/lib/python3.10/site-packages:${PYTHONPATH} /usr/bin/python3 -W ignore:setup.py install is deprecated -W ignore:easy_install command is deprecated setup.py egg_info --egg-base ../../build/my_offboard_ctrl build --build-base /home/yangdrone/ws_ros2/build/my_offboard_ctrl/build install --record /home/yangdrone/ws_ros2/build/my_offboard_ctrl/install.log --single-version-externally-managed install_data
